[21:55:12] [main/INFO] [LaunchWrapper]: Loading tweak class name cpw.mods.fml.common.launcher.FMLTweaker
[21:55:12] [main/INFO] [LaunchWrapper]: Using primary tweak class name cpw.mods.fml.common.launcher.FMLTweaker
[21:55:12] [main/INFO] [LaunchWrapper]: Calling tweak class cpw.mods.fml.common.launcher.FMLTweaker
[21:56:17] [main/INFO] [LaunchWrapper]: Loading tweak class name net.minecraft.launchwrapper.VanillaTweaker
[21:56:17] [main/INFO] [LaunchWrapper]: Using primary tweak class name net.minecraft.launchwrapper.VanillaTweaker
[21:56:17] [main/INFO] [LaunchWrapper]: Calling tweak class net.minecraft.launchwrapper.VanillaTweaker
[21:56:17] [main/ERROR] [LaunchWrapper]: Unable to launch
java.lang.NoSuchMethodException: net.minecraft.client.Minecraft.main([Ljava.lang.String;)
	at java.lang.Class.getMethod(Class.java:1786) ~[?:1.8.0_151]
	at net.minecraft.launchwrapper.Launch.launch(Launch.java:132) [launchwrapper-1.12.jar:?]
	at net.minecraft.launchwrapper.Launch.main(Launch.java:28) [launchwrapper-1.12.jar:?]
[21:56:23] [main/INFO] [LaunchWrapper]: Loading tweak class name net.minecraft.launchwrapper.VanillaTweaker
[21:56:23] [main/INFO] [LaunchWrapper]: Using primary tweak class name net.minecraft.launchwrapper.VanillaTweaker
[21:56:23] [main/INFO] [LaunchWrapper]: Calling tweak class net.minecraft.launchwrapper.VanillaTweaker
[21:56:24] [main/ERROR] [LaunchWrapper]: Unable to launch
java.lang.NoSuchMethodException: net.minecraft.client.Minecraft.main([Ljava.lang.String;)
	at java.lang.Class.getMethod(Class.java:1786) ~[?:1.8.0_151]
	at net.minecraft.launchwrapper.Launch.launch(Launch.java:132) [launchwrapper-1.12.jar:?]
	at net.minecraft.launchwrapper.Launch.main(Launch.java:28) [launchwrapper-1.12.jar:?]
[21:57:41] [main/INFO] [LaunchWrapper]: Loading tweak class name net.minecraft.launchwrapper.VanillaTweaker
[21:57:41] [main/INFO] [LaunchWrapper]: Using primary tweak class name net.minecraft.launchwrapper.VanillaTweaker
[21:57:41] [main/INFO] [LaunchWrapper]: Calling tweak class net.minecraft.launchwrapper.VanillaTweaker
[21:57:41] [main/ERROR] [LaunchWrapper]: Unable to launch
java.lang.NoSuchMethodException: net.minecraft.client.Minecraft.main([Ljava.lang.String;)
	at java.lang.Class.getMethod(Class.java:1786) ~[?:1.8.0_151]
	at net.minecraft.launchwrapper.Launch.launch(Launch.java:132) [launchwrapper-1.12.jar:?]
	at net.minecraft.launchwrapper.Launch.main(Launch.java:28) [launchwrapper-1.12.jar:?]
[21:58:04] [main/INFO] [LaunchWrapper]: Loading tweak class name net.minecraft.launchwrapper.VanillaTweaker
[21:58:04] [main/INFO] [LaunchWrapper]: Using primary tweak class name net.minecraft.launchwrapper.VanillaTweaker
[21:58:04] [main/INFO] [LaunchWrapper]: Calling tweak class net.minecraft.launchwrapper.VanillaTweaker
[21:58:04] [main/ERROR] [LaunchWrapper]: Unable to launch
java.lang.NoSuchMethodException: net.minecraft.client.Minecraft.main([Ljava.lang.String;)
	at java.lang.Class.getMethod(Class.java:1786) ~[?:1.8.0_151]
	at net.minecraft.launchwrapper.Launch.launch(Launch.java:132) [launchwrapper-1.12.jar:?]
	at net.minecraft.launchwrapper.Launch.main(Launch.java:28) [launchwrapper-1.12.jar:?]
[22:07:45] [main/INFO] [LaunchWrapper]: Loading tweak class name net.minecraft.launchwrapper.VanillaTweaker
[22:07:45] [main/INFO] [LaunchWrapper]: Using primary tweak class name net.minecraft.launchwrapper.VanillaTweaker
[22:07:45] [main/INFO] [LaunchWrapper]: Calling tweak class net.minecraft.launchwrapper.VanillaTweaker
[22:07:45] [main/ERROR] [LaunchWrapper]: Unable to launch
java.lang.NoSuchMethodException: net.minecraft.client.Minecraft.main([Ljava.lang.String;)
	at java.lang.Class.getMethod(Class.java:1786) ~[?:1.8.0_151]
	at net.minecraft.launchwrapper.Launch.launch(Launch.java:132) [launchwrapper-1.12.jar:?]
	at net.minecraft.launchwrapper.Launch.main(Launch.java:28) [launchwrapper-1.12.jar:?]
[22:31:15] [main/INFO] [LaunchWrapper]: Loading tweak class name net.minecraft.launchwrapper.VanillaTweaker
[22:31:15] [main/INFO] [LaunchWrapper]: Using primary tweak class name net.minecraft.launchwrapper.VanillaTweaker
[22:31:15] [main/INFO] [LaunchWrapper]: Calling tweak class net.minecraft.launchwrapper.VanillaTweaker
[22:31:15] [main/ERROR] [LaunchWrapper]: Unable to launch
java.lang.NoSuchMethodException: net.minecraft.client.Minecraft.main([Ljava.lang.String;)
	at java.lang.Class.getMethod(Class.java:1786) ~[?:1.8.0_151]
	at net.minecraft.launchwrapper.Launch.launch(Launch.java:132) [launchwrapper-1.12.jar:?]
	at net.minecraft.launchwrapper.Launch.main(Launch.java:28) [launchwrapper-1.12.jar:?]
[23:02:08] [main/INFO] [GradleStart]: Extra: []
[23:02:08] [main/INFO] [GradleStart]: Running with arguments: [--userProperties, {}, --assetsDir, /Users/jun/.gradle/caches/minecraft/assets, --assetIndex, 1.7.10, --accessToken, {REDACTED}, --version, 1.7.10, --tweakClass, cpw.mods.fml.common.launcher.FMLTweaker, --tweakClass, net.minecraftforge.gradle.tweakers.CoremodTweaker]
[23:02:08] [main/INFO] [LaunchWrapper]: Loading tweak class name cpw.mods.fml.common.launcher.FMLTweaker
[23:02:08] [main/INFO] [LaunchWrapper]: Using primary tweak class name cpw.mods.fml.common.launcher.FMLTweaker
[23:02:08] [main/INFO] [LaunchWrapper]: Loading tweak class name net.minecraftforge.gradle.tweakers.CoremodTweaker
[23:02:08] [main/INFO] [LaunchWrapper]: Calling tweak class cpw.mods.fml.common.launcher.FMLTweaker
[10:20:20] [main/INFO] [GradleStart]: userProperties: {}
[10:20:20] [main/INFO] [GradleStart]: accessToken: FML
[10:20:20] [main/INFO] [GradleStart]: version: 1.6
[10:20:20] [main/INFO] [GradleStart]: Extra: [--tweakClass, cpw.mods.fml.common.launcher.FMLTweaker]
[10:20:20] [main/INFO] [GradleStart]: Running with arguments: [--userProperties, {}, --assetsDir, /Users/jun/.gradle/caches/minecraft/assets, --assetIndex, 1.7.10, --accessToken, {REDACTED}, --version, 1.6, --tweakClass, cpw.mods.fml.common.launcher.FMLTweaker, --tweakClass, cpw.mods.fml.common.launcher.FMLTweaker, --tweakClass, net.minecraftforge.gradle.tweakers.CoremodTweaker]
[10:20:20] [main/INFO] [LaunchWrapper]: Loading tweak class name cpw.mods.fml.common.launcher.FMLTweaker
[10:20:20] [main/INFO] [LaunchWrapper]: Using primary tweak class name cpw.mods.fml.common.launcher.FMLTweaker
[10:20:20] [main/WARN] [LaunchWrapper]: Tweak class name cpw.mods.fml.common.launcher.FMLTweaker has already been visited -- skipping
[10:20:20] [main/INFO] [LaunchWrapper]: Loading tweak class name net.minecraftforge.gradle.tweakers.CoremodTweaker
[10:20:21] [main/INFO] [LaunchWrapper]: Calling tweak class cpw.mods.fml.common.launcher.FMLTweaker
[10:26:21] [main/INFO] [LaunchWrapper]: Loading tweak class name cpw.mods.fml.common.launcher.FMLTweaker
[10:26:21] [main/INFO] [LaunchWrapper]: Using primary tweak class name cpw.mods.fml.common.launcher.FMLTweaker
[10:26:21] [main/INFO] [LaunchWrapper]: Calling tweak class cpw.mods.fml.common.launcher.FMLTweaker
[10:27:15] [main/INFO] [GradleStart]: userProperties: {}
[10:27:15] [main/INFO] [GradleStart]: accessToken: FML
[10:27:15] [main/INFO] [GradleStart]: version: 1.6
[10:27:15] [main/INFO] [GradleStart]: Extra: [--tweakClass, cpw.mods.fml.common.launcher.FMLTweaker]
[10:27:15] [main/INFO] [GradleStart]: Running with arguments: [--userProperties, {}, --assetsDir, /Users/jun/.gradle/caches/minecraft/assets, --assetIndex, 1.7.10, --accessToken, {REDACTED}, --version, 1.6, --tweakClass, cpw.mods.fml.common.launcher.FMLTweaker, --tweakClass, cpw.mods.fml.common.launcher.FMLTweaker, --tweakClass, net.minecraftforge.gradle.tweakers.CoremodTweaker]
[10:27:15] [main/INFO] [LaunchWrapper]: Loading tweak class name cpw.mods.fml.common.launcher.FMLTweaker
[10:27:15] [main/INFO] [LaunchWrapper]: Using primary tweak class name cpw.mods.fml.common.launcher.FMLTweaker
[10:27:15] [main/WARN] [LaunchWrapper]: Tweak class name cpw.mods.fml.common.launcher.FMLTweaker has already been visited -- skipping
[10:27:15] [main/INFO] [LaunchWrapper]: Loading tweak class name net.minecraftforge.gradle.tweakers.CoremodTweaker
[10:27:15] [main/INFO] [LaunchWrapper]: Calling tweak class cpw.mods.fml.common.launcher.FMLTweaker
[10:58:21] [main/INFO] [GradleStart]: userProperties: {}
[10:58:21] [main/INFO] [GradleStart]: accessToken: FML
[10:58:21] [main/INFO] [GradleStart]: version: 1.6
[10:58:21] [main/INFO] [GradleStart]: Extra: [--tweakClass, cpw.mods.fml.common.launcher.FMLTweaker]
[10:58:21] [main/INFO] [GradleStart]: Running with arguments: [--userProperties, {}, --assetsDir, /Users/jun/.gradle/caches/minecraft/assets, --assetIndex, 1.7.10, --accessToken, {REDACTED}, --version, 1.6, --tweakClass, cpw.mods.fml.common.launcher.FMLTweaker, --tweakClass, cpw.mods.fml.common.launcher.FMLTweaker, --tweakClass, net.minecraftforge.gradle.tweakers.CoremodTweaker]
[10:58:21] [main/INFO] [LaunchWrapper]: Loading tweak class name cpw.mods.fml.common.launcher.FMLTweaker
[10:58:21] [main/INFO] [LaunchWrapper]: Using primary tweak class name cpw.mods.fml.common.launcher.FMLTweaker
[10:58:21] [main/WARN] [LaunchWrapper]: Tweak class name cpw.mods.fml.common.launcher.FMLTweaker has already been visited -- skipping
[10:58:21] [main/INFO] [LaunchWrapper]: Loading tweak class name net.minecraftforge.gradle.tweakers.CoremodTweaker
[10:58:21] [main/INFO] [LaunchWrapper]: Calling tweak class cpw.mods.fml.common.launcher.FMLTweaker
[11:03:20] [main/INFO] [GradleStart]: userProperties: {}
[11:03:20] [main/INFO] [GradleStart]: accessToken: FML
[11:03:20] [main/INFO] [GradleStart]: version: 1.6
[11:03:20] [main/INFO] [GradleStart]: Extra: [--tweakClass, cpw.mods.fml.common.launcher.FMLTweaker]
[11:03:20] [main/INFO] [GradleStart]: Running with arguments: [--userProperties, {}, --assetsDir, /Users/jun/.gradle/caches/minecraft/assets, --assetIndex, 1.7.10, --accessToken, {REDACTED}, --version, 1.6, --tweakClass, cpw.mods.fml.common.launcher.FMLTweaker, --tweakClass, cpw.mods.fml.common.launcher.FMLTweaker, --tweakClass, net.minecraftforge.gradle.tweakers.CoremodTweaker]
[11:03:20] [main/INFO] [LaunchWrapper]: Loading tweak class name cpw.mods.fml.common.launcher.FMLTweaker
[11:03:20] [main/INFO] [LaunchWrapper]: Using primary tweak class name cpw.mods.fml.common.launcher.FMLTweaker
[11:03:20] [main/WARN] [LaunchWrapper]: Tweak class name cpw.mods.fml.common.launcher.FMLTweaker has already been visited -- skipping
[11:03:20] [main/INFO] [LaunchWrapper]: Loading tweak class name net.minecraftforge.gradle.tweakers.CoremodTweaker
[11:03:20] [main/INFO] [LaunchWrapper]: Calling tweak class cpw.mods.fml.common.launcher.FMLTweaker
[12:55:04] [main/INFO] [GradleStart]: userProperties: {}
[12:55:04] [main/INFO] [GradleStart]: accessToken: FML
[12:55:04] [main/INFO] [GradleStart]: version: 1.6
[12:55:04] [main/INFO] [GradleStart]: Extra: [--tweakClass, cpw.mods.fml.common.launcher.FMLTweaker]
[12:55:04] [main/INFO] [GradleStart]: Running with arguments: [--userProperties, {}, --assetsDir, /Users/jun/.gradle/caches/minecraft/assets, --assetIndex, 1.7.10, --accessToken, {REDACTED}, --version, 1.6, --tweakClass, cpw.mods.fml.common.launcher.FMLTweaker, --tweakClass, cpw.mods.fml.common.launcher.FMLTweaker, --tweakClass, net.minecraftforge.gradle.tweakers.CoremodTweaker]
[12:55:04] [main/INFO] [LaunchWrapper]: Loading tweak class name cpw.mods.fml.common.launcher.FMLTweaker
[12:55:04] [main/INFO] [LaunchWrapper]: Using primary tweak class name cpw.mods.fml.common.launcher.FMLTweaker
[12:55:04] [main/WARN] [LaunchWrapper]: Tweak class name cpw.mods.fml.common.launcher.FMLTweaker has already been visited -- skipping
[12:55:04] [main/INFO] [LaunchWrapper]: Loading tweak class name net.minecraftforge.gradle.tweakers.CoremodTweaker
[12:55:04] [main/INFO] [LaunchWrapper]: Calling tweak class cpw.mods.fml.common.launcher.FMLTweaker
[13:00:50] [main/INFO] [GradleStart]: userProperties: {}
[13:00:50] [main/INFO] [GradleStart]: accessToken: FML
[13:00:50] [main/INFO] [GradleStart]: version: 1.6
[13:00:50] [main/INFO] [GradleStart]: Extra: [--tweakClass, cpw.mods.fml.common.launcher.FMLTweaker]
[13:00:50] [main/INFO] [GradleStart]: Running with arguments: [--userProperties, {}, --assetsDir, /Users/jun/.gradle/caches/minecraft/assets, --assetIndex, 1.7.10, --accessToken, {REDACTED}, --version, 1.6, --tweakClass, cpw.mods.fml.common.launcher.FMLTweaker, --tweakClass, cpw.mods.fml.common.launcher.FMLTweaker, --tweakClass, net.minecraftforge.gradle.tweakers.CoremodTweaker]
[13:00:50] [main/INFO] [LaunchWrapper]: Loading tweak class name cpw.mods.fml.common.launcher.FMLTweaker
[13:00:50] [main/INFO] [LaunchWrapper]: Using primary tweak class name cpw.mods.fml.common.launcher.FMLTweaker
[13:00:50] [main/WARN] [LaunchWrapper]: Tweak class name cpw.mods.fml.common.launcher.FMLTweaker has already been visited -- skipping
[13:00:50] [main/INFO] [LaunchWrapper]: Loading tweak class name net.minecraftforge.gradle.tweakers.CoremodTweaker
[13:00:50] [main/INFO] [LaunchWrapper]: Calling tweak class cpw.mods.fml.common.launcher.FMLTweaker
[13:15:42] [main/INFO] [GradleStart]: userProperties: {}
[13:15:42] [main/INFO] [GradleStart]: accessToken: FML
[13:15:42] [main/INFO] [GradleStart]: version: 1.6
[13:15:42] [main/INFO] [GradleStart]: Extra: [--tweakClass, cpw.mods.fml.common.launcher.FMLTweaker]
[13:15:42] [main/INFO] [GradleStart]: Running with arguments: [--userProperties, {}, --assetsDir, /Users/jun/.gradle/caches/minecraft/assets, --assetIndex, 1.7.10, --accessToken, {REDACTED}, --version, 1.6, --tweakClass, cpw.mods.fml.common.launcher.FMLTweaker, --tweakClass, cpw.mods.fml.common.launcher.FMLTweaker, --tweakClass, net.minecraftforge.gradle.tweakers.CoremodTweaker]
[13:15:42] [main/INFO] [LaunchWrapper]: Loading tweak class name cpw.mods.fml.common.launcher.FMLTweaker
[13:15:42] [main/INFO] [LaunchWrapper]: Using primary tweak class name cpw.mods.fml.common.launcher.FMLTweaker
[13:15:42] [main/WARN] [LaunchWrapper]: Tweak class name cpw.mods.fml.common.launcher.FMLTweaker has already been visited -- skipping
[13:15:42] [main/INFO] [LaunchWrapper]: Loading tweak class name net.minecraftforge.gradle.tweakers.CoremodTweaker
[13:15:42] [main/INFO] [LaunchWrapper]: Calling tweak class cpw.mods.fml.common.launcher.FMLTweaker
[13:46:00] [main/INFO] [GradleStart]: userProperties: {}
[13:46:00] [main/INFO] [GradleStart]: accessToken: FML
[13:46:00] [main/INFO] [GradleStart]: version: 1.6
[13:46:00] [main/INFO] [GradleStart]: Extra: [--tweakClass, cpw.mods.fml.common.launcher.FMLTweaker]
[13:46:00] [main/INFO] [GradleStart]: Running with arguments: [--userProperties, {}, --assetsDir, /Users/jun/.gradle/caches/minecraft/assets, --assetIndex, 1.7.10, --accessToken, {REDACTED}, --version, 1.6, --tweakClass, cpw.mods.fml.common.launcher.FMLTweaker, --tweakClass, cpw.mods.fml.common.launcher.FMLTweaker, --tweakClass, net.minecraftforge.gradle.tweakers.CoremodTweaker]
[13:46:00] [main/INFO] [LaunchWrapper]: Loading tweak class name cpw.mods.fml.common.launcher.FMLTweaker
[13:46:00] [main/INFO] [LaunchWrapper]: Using primary tweak class name cpw.mods.fml.common.launcher.FMLTweaker
[13:46:00] [main/WARN] [LaunchWrapper]: Tweak class name cpw.mods.fml.common.launcher.FMLTweaker has already been visited -- skipping
[13:46:00] [main/INFO] [LaunchWrapper]: Loading tweak class name net.minecraftforge.gradle.tweakers.CoremodTweaker
[13:46:00] [main/INFO] [LaunchWrapper]: Calling tweak class cpw.mods.fml.common.launcher.FMLTweaker
[13:55:45] [main/INFO] [GradleStart]: userProperties: {}
[13:55:45] [main/INFO] [GradleStart]: accessToken: FML
[13:55:45] [main/INFO] [GradleStart]: version: 1.6
[13:55:45] [main/INFO] [GradleStart]: Extra: [--tweakClass, cpw.mods.fml.common.launcher.FMLTweaker]
[13:55:45] [main/INFO] [GradleStart]: Running with arguments: [--userProperties, {}, --assetsDir, /Users/jun/.gradle/caches/minecraft/assets, --assetIndex, 1.7.10, --accessToken, {REDACTED}, --version, 1.6, --tweakClass, cpw.mods.fml.common.launcher.FMLTweaker, --tweakClass, cpw.mods.fml.common.launcher.FMLTweaker, --tweakClass, net.minecraftforge.gradle.tweakers.CoremodTweaker]
[13:55:45] [main/INFO] [LaunchWrapper]: Loading tweak class name cpw.mods.fml.common.launcher.FMLTweaker
[13:55:45] [main/INFO] [LaunchWrapper]: Using primary tweak class name cpw.mods.fml.common.launcher.FMLTweaker
[13:55:45] [main/WARN] [LaunchWrapper]: Tweak class name cpw.mods.fml.common.launcher.FMLTweaker has already been visited -- skipping
[13:55:45] [main/INFO] [LaunchWrapper]: Loading tweak class name net.minecraftforge.gradle.tweakers.CoremodTweaker
[13:55:45] [main/INFO] [LaunchWrapper]: Calling tweak class cpw.mods.fml.common.launcher.FMLTweaker
[14:04:28] [main/INFO] [GradleStart]: userProperties: {}
[14:04:28] [main/INFO] [GradleStart]: accessToken: FML
[14:04:28] [main/INFO] [GradleStart]: version: 1.6
[14:04:28] [main/INFO] [GradleStart]: Extra: [--tweakClass, cpw.mods.fml.common.launcher.FMLTweaker]
[14:04:28] [main/INFO] [GradleStart]: Running with arguments: [--userProperties, {}, --assetsDir, /Users/jun/.gradle/caches/minecraft/assets, --assetIndex, 1.7.10, --accessToken, {REDACTED}, --version, 1.6, --tweakClass, cpw.mods.fml.common.launcher.FMLTweaker, --tweakClass, cpw.mods.fml.common.launcher.FMLTweaker, --tweakClass, net.minecraftforge.gradle.tweakers.CoremodTweaker]
[14:04:28] [main/INFO] [LaunchWrapper]: Loading tweak class name cpw.mods.fml.common.launcher.FMLTweaker
[14:04:28] [main/INFO] [LaunchWrapper]: Using primary tweak class name cpw.mods.fml.common.launcher.FMLTweaker
[14:04:28] [main/WARN] [LaunchWrapper]: Tweak class name cpw.mods.fml.common.launcher.FMLTweaker has already been visited -- skipping
[14:04:28] [main/INFO] [LaunchWrapper]: Loading tweak class name net.minecraftforge.gradle.tweakers.CoremodTweaker
[14:04:28] [main/INFO] [LaunchWrapper]: Calling tweak class cpw.mods.fml.common.launcher.FMLTweaker
[14:17:33] [main/INFO] [GradleStart]: userProperties: {}
[14:17:33] [main/INFO] [GradleStart]: accessToken: FML
[14:17:33] [main/INFO] [GradleStart]: version: 1.6
[14:17:33] [main/INFO] [GradleStart]: Extra: [--tweakClass, cpw.mods.fml.common.launcher.FMLTweaker]
[14:17:33] [main/INFO] [GradleStart]: Running with arguments: [--userProperties, {}, --assetsDir, /Users/jun/.gradle/caches/minecraft/assets, --assetIndex, 1.7.10, --accessToken, {REDACTED}, --version, 1.6, --tweakClass, cpw.mods.fml.common.launcher.FMLTweaker, --tweakClass, cpw.mods.fml.common.launcher.FMLTweaker, --tweakClass, net.minecraftforge.gradle.tweakers.CoremodTweaker]
[14:17:33] [main/INFO] [LaunchWrapper]: Loading tweak class name cpw.mods.fml.common.launcher.FMLTweaker
[14:17:33] [main/INFO] [LaunchWrapper]: Using primary tweak class name cpw.mods.fml.common.launcher.FMLTweaker
[14:17:33] [main/WARN] [LaunchWrapper]: Tweak class name cpw.mods.fml.common.launcher.FMLTweaker has already been visited -- skipping
[14:17:33] [main/INFO] [LaunchWrapper]: Loading tweak class name net.minecraftforge.gradle.tweakers.CoremodTweaker
[14:17:33] [main/INFO] [LaunchWrapper]: Calling tweak class cpw.mods.fml.common.launcher.FMLTweaker
[14:29:09] [main/INFO] [GradleStart]: userProperties: {}
[14:29:09] [main/INFO] [GradleStart]: accessToken: FML
[14:29:09] [main/INFO] [GradleStart]: version: 1.6
[14:29:09] [main/INFO] [GradleStart]: Extra: [--tweakClass, cpw.mods.fml.common.launcher.FMLTweaker]
[14:29:09] [main/INFO] [GradleStart]: Running with arguments: [--userProperties, {}, --assetsDir, /Users/jun/.gradle/caches/minecraft/assets, --assetIndex, 1.7.10, --accessToken, {REDACTED}, --version, 1.6, --tweakClass, cpw.mods.fml.common.launcher.FMLTweaker, --tweakClass, cpw.mods.fml.common.launcher.FMLTweaker, --tweakClass, net.minecraftforge.gradle.tweakers.CoremodTweaker]
[14:29:09] [main/INFO] [LaunchWrapper]: Loading tweak class name cpw.mods.fml.common.launcher.FMLTweaker
[14:29:09] [main/INFO] [LaunchWrapper]: Using primary tweak class name cpw.mods.fml.common.launcher.FMLTweaker
[14:29:09] [main/WARN] [LaunchWrapper]: Tweak class name cpw.mods.fml.common.launcher.FMLTweaker has already been visited -- skipping
[14:29:09] [main/INFO] [LaunchWrapper]: Loading tweak class name net.minecraftforge.gradle.tweakers.CoremodTweaker
[14:29:09] [main/INFO] [LaunchWrapper]: Calling tweak class cpw.mods.fml.common.launcher.FMLTweaker
[14:31:18] [main/INFO] [GradleStart]: userProperties: {}
[14:31:18] [main/INFO] [GradleStart]: accessToken: FML
[14:31:18] [main/INFO] [GradleStart]: version: 1.6
[14:31:18] [main/INFO] [GradleStart]: Extra: [--tweakClass, cpw.mods.fml.common.launcher.FMLTweaker]
[14:31:18] [main/INFO] [GradleStart]: Running with arguments: [--userProperties, {}, --assetsDir, /Users/jun/.gradle/caches/minecraft/assets, --assetIndex, 1.7.10, --accessToken, {REDACTED}, --version, 1.6, --tweakClass, cpw.mods.fml.common.launcher.FMLTweaker, --tweakClass, cpw.mods.fml.common.launcher.FMLTweaker, --tweakClass, net.minecraftforge.gradle.tweakers.CoremodTweaker]
[14:31:18] [main/INFO] [LaunchWrapper]: Loading tweak class name cpw.mods.fml.common.launcher.FMLTweaker
[14:31:18] [main/INFO] [LaunchWrapper]: Using primary tweak class name cpw.mods.fml.common.launcher.FMLTweaker
[14:31:18] [main/WARN] [LaunchWrapper]: Tweak class name cpw.mods.fml.common.launcher.FMLTweaker has already been visited -- skipping
[14:31:18] [main/INFO] [LaunchWrapper]: Loading tweak class name net.minecraftforge.gradle.tweakers.CoremodTweaker
[14:31:18] [main/INFO] [LaunchWrapper]: Calling tweak class cpw.mods.fml.common.launcher.FMLTweaker
[14:39:49] [main/INFO] [GradleStart]: userProperties: {}
[14:39:49] [main/INFO] [GradleStart]: accessToken: FML
[14:39:49] [main/INFO] [GradleStart]: version: 1.6
[14:39:49] [main/INFO] [GradleStart]: Extra: [--tweakClass, cpw.mods.fml.common.launcher.FMLTweaker]
[14:39:49] [main/INFO] [GradleStart]: Running with arguments: [--userProperties, {}, --assetsDir, /Users/jun/.gradle/caches/minecraft/assets, --assetIndex, 1.7.10, --accessToken, {REDACTED}, --version, 1.6, --tweakClass, cpw.mods.fml.common.launcher.FMLTweaker, --tweakClass, cpw.mods.fml.common.launcher.FMLTweaker, --tweakClass, net.minecraftforge.gradle.tweakers.CoremodTweaker]
[14:39:49] [main/INFO] [LaunchWrapper]: Loading tweak class name cpw.mods.fml.common.launcher.FMLTweaker
[14:39:49] [main/INFO] [LaunchWrapper]: Using primary tweak class name cpw.mods.fml.common.launcher.FMLTweaker
[14:39:49] [main/WARN] [LaunchWrapper]: Tweak class name cpw.mods.fml.common.launcher.FMLTweaker has already been visited -- skipping
[14:39:49] [main/INFO] [LaunchWrapper]: Loading tweak class name net.minecraftforge.gradle.tweakers.CoremodTweaker
[14:39:49] [main/INFO] [LaunchWrapper]: Calling tweak class cpw.mods.fml.common.launcher.FMLTweaker
[14:42:41] [main/INFO] [GradleStart]: userProperties: {}
[14:42:41] [main/INFO] [GradleStart]: accessToken: FML
[14:42:41] [main/INFO] [GradleStart]: version: 1.6
[14:42:41] [main/INFO] [GradleStart]: Extra: [--tweakClass, cpw.mods.fml.common.launcher.FMLTweaker]
[14:42:41] [main/INFO] [GradleStart]: Running with arguments: [--userProperties, {}, --assetsDir, /Users/jun/.gradle/caches/minecraft/assets, --assetIndex, 1.7.10, --accessToken, {REDACTED}, --version, 1.6, --tweakClass, cpw.mods.fml.common.launcher.FMLTweaker, --tweakClass, cpw.mods.fml.common.launcher.FMLTweaker, --tweakClass, net.minecraftforge.gradle.tweakers.CoremodTweaker]
[14:42:41] [main/INFO] [LaunchWrapper]: Loading tweak class name cpw.mods.fml.common.launcher.FMLTweaker
[14:42:41] [main/INFO] [LaunchWrapper]: Using primary tweak class name cpw.mods.fml.common.launcher.FMLTweaker
[14:42:41] [main/WARN] [LaunchWrapper]: Tweak class name cpw.mods.fml.common.launcher.FMLTweaker has already been visited -- skipping
[14:42:41] [main/INFO] [LaunchWrapper]: Loading tweak class name net.minecraftforge.gradle.tweakers.CoremodTweaker
[14:42:41] [main/INFO] [LaunchWrapper]: Calling tweak class cpw.mods.fml.common.launcher.FMLTweaker
[14:51:33] [main/INFO] [GradleStart]: userProperties: {}
[14:51:33] [main/INFO] [GradleStart]: accessToken: FML
[14:51:33] [main/INFO] [GradleStart]: version: 1.6
[14:51:33] [main/INFO] [GradleStart]: Extra: [--tweakClass, cpw.mods.fml.common.launcher.FMLTweaker]
[14:51:33] [main/INFO] [GradleStart]: Running with arguments: [--userProperties, {}, --assetsDir, /Users/jun/.gradle/caches/minecraft/assets, --assetIndex, 1.7.10, --accessToken, {REDACTED}, --version, 1.6, --tweakClass, cpw.mods.fml.common.launcher.FMLTweaker, --tweakClass, cpw.mods.fml.common.launcher.FMLTweaker, --tweakClass, net.minecraftforge.gradle.tweakers.CoremodTweaker]
[14:51:33] [main/INFO] [LaunchWrapper]: Loading tweak class name cpw.mods.fml.common.launcher.FMLTweaker
[14:51:33] [main/INFO] [LaunchWrapper]: Using primary tweak class name cpw.mods.fml.common.launcher.FMLTweaker
[14:51:33] [main/WARN] [LaunchWrapper]: Tweak class name cpw.mods.fml.common.launcher.FMLTweaker has already been visited -- skipping
[14:51:33] [main/INFO] [LaunchWrapper]: Loading tweak class name net.minecraftforge.gradle.tweakers.CoremodTweaker
[14:51:33] [main/INFO] [LaunchWrapper]: Calling tweak class cpw.mods.fml.common.launcher.FMLTweaker
[14:55:19] [main/INFO] [GradleStart]: userProperties: {}
[14:55:19] [main/INFO] [GradleStart]: accessToken: FML
[14:55:19] [main/INFO] [GradleStart]: version: 1.6
[14:55:19] [main/INFO] [GradleStart]: Extra: [--tweakClass, cpw.mods.fml.common.launcher.FMLTweaker]
[14:55:19] [main/INFO] [GradleStart]: Running with arguments: [--userProperties, {}, --assetsDir, /Users/jun/.gradle/caches/minecraft/assets, --assetIndex, 1.7.10, --accessToken, {REDACTED}, --version, 1.6, --tweakClass, cpw.mods.fml.common.launcher.FMLTweaker, --tweakClass, cpw.mods.fml.common.launcher.FMLTweaker, --tweakClass, net.minecraftforge.gradle.tweakers.CoremodTweaker]
[14:55:19] [main/INFO] [LaunchWrapper]: Loading tweak class name cpw.mods.fml.common.launcher.FMLTweaker
[14:55:19] [main/INFO] [LaunchWrapper]: Using primary tweak class name cpw.mods.fml.common.launcher.FMLTweaker
[14:55:19] [main/WARN] [LaunchWrapper]: Tweak class name cpw.mods.fml.common.launcher.FMLTweaker has already been visited -- skipping
[14:55:19] [main/INFO] [LaunchWrapper]: Loading tweak class name net.minecraftforge.gradle.tweakers.CoremodTweaker
[14:55:19] [main/INFO] [LaunchWrapper]: Calling tweak class cpw.mods.fml.common.launcher.FMLTweaker
[18:46:11] [main/INFO] [GradleStart]: userProperties: {}
[18:46:11] [main/INFO] [GradleStart]: accessToken: modstest
[18:46:11] [main/INFO] [GradleStart]: version: 1.7
[18:46:11] [main/INFO] [GradleStart]: Extra: [--tweakClass, cpw.mods.fml.common.launcher.FMLTweaker]
[18:46:11] [main/INFO] [GradleStart]: Running with arguments: [--userProperties, {}, --assetsDir, /Users/jun/.gradle/caches/minecraft/assets, --assetIndex, 1.7.10, --accessToken, {REDACTED}, --version, 1.7, --tweakClass, cpw.mods.fml.common.launcher.FMLTweaker, --tweakClass, cpw.mods.fml.common.launcher.FMLTweaker, --tweakClass, net.minecraftforge.gradle.tweakers.CoremodTweaker]
[18:46:11] [main/INFO] [LaunchWrapper]: Loading tweak class name cpw.mods.fml.common.launcher.FMLTweaker
[18:46:11] [main/INFO] [LaunchWrapper]: Using primary tweak class name cpw.mods.fml.common.launcher.FMLTweaker
[18:46:11] [main/WARN] [LaunchWrapper]: Tweak class name cpw.mods.fml.common.launcher.FMLTweaker has already been visited -- skipping
[18:46:11] [main/INFO] [LaunchWrapper]: Loading tweak class name net.minecraftforge.gradle.tweakers.CoremodTweaker
[18:46:11] [main/INFO] [LaunchWrapper]: Calling tweak class cpw.mods.fml.common.launcher.FMLTweaker
[18:47:42] [main/INFO] [GradleStart]: userProperties: {}
[18:47:42] [main/INFO] [GradleStart]: accessToken: modstest
[18:47:42] [main/INFO] [GradleStart]: version: 1.7
[18:47:42] [main/INFO] [GradleStart]: Extra: [--tweakClass, cpw.mods.fml.common.launcher.FMLTweaker]
[18:47:42] [main/INFO] [GradleStart]: Running with arguments: [--userProperties, {}, --assetsDir, /Users/jun/.gradle/caches/minecraft/assets, --assetIndex, 1.7.10, --accessToken, {REDACTED}, --version, 1.7, --tweakClass, cpw.mods.fml.common.launcher.FMLTweaker, --tweakClass, cpw.mods.fml.common.launcher.FMLTweaker, --tweakClass, net.minecraftforge.gradle.tweakers.CoremodTweaker]
[18:47:42] [main/INFO] [LaunchWrapper]: Loading tweak class name cpw.mods.fml.common.launcher.FMLTweaker
[18:47:42] [main/INFO] [LaunchWrapper]: Using primary tweak class name cpw.mods.fml.common.launcher.FMLTweaker
[18:47:42] [main/WARN] [LaunchWrapper]: Tweak class name cpw.mods.fml.common.launcher.FMLTweaker has already been visited -- skipping
[18:47:42] [main/INFO] [LaunchWrapper]: Loading tweak class name net.minecraftforge.gradle.tweakers.CoremodTweaker
[18:47:42] [main/INFO] [LaunchWrapper]: Calling tweak class cpw.mods.fml.common.launcher.FMLTweaker
[18:48:57] [main/INFO] [LaunchWrapper]: Loading tweak class name cpw.mods.fml.common.launcher.FMLTweaker
[18:48:57] [main/INFO] [LaunchWrapper]: Using primary tweak class name cpw.mods.fml.common.launcher.FMLTweaker
[18:48:57] [main/INFO] [LaunchWrapper]: Calling tweak class cpw.mods.fml.common.launcher.FMLTweaker
[18:53:04] [main/INFO] [GradleStart]: userProperties: {}
[18:53:04] [main/INFO] [GradleStart]: accessToken: modstest
[18:53:04] [main/INFO] [GradleStart]: version: 1.7
[18:53:04] [main/INFO] [GradleStart]: Extra: [--tweakClass, cpw.mods.fml.common.launcher.FMLTweaker]
[18:53:04] [main/INFO] [GradleStart]: Running with arguments: [--userProperties, {}, --assetsDir, /Users/jun/.gradle/caches/minecraft/assets, --assetIndex, 1.7.10, --accessToken, {REDACTED}, --version, 1.7, --tweakClass, cpw.mods.fml.common.launcher.FMLTweaker, --tweakClass, cpw.mods.fml.common.launcher.FMLTweaker, --tweakClass, net.minecraftforge.gradle.tweakers.CoremodTweaker]
[18:53:04] [main/INFO] [LaunchWrapper]: Loading tweak class name cpw.mods.fml.common.launcher.FMLTweaker
[18:53:04] [main/INFO] [LaunchWrapper]: Using primary tweak class name cpw.mods.fml.common.launcher.FMLTweaker
[18:53:04] [main/WARN] [LaunchWrapper]: Tweak class name cpw.mods.fml.common.launcher.FMLTweaker has already been visited -- skipping
[18:53:04] [main/INFO] [LaunchWrapper]: Loading tweak class name net.minecraftforge.gradle.tweakers.CoremodTweaker
[18:53:04] [main/INFO] [LaunchWrapper]: Calling tweak class cpw.mods.fml.common.launcher.FMLTweaker
[18:53:52] [main/INFO] [LaunchWrapper]: Loading tweak class name cpw.mods.fml.common.launcher.FMLTweaker
[18:53:52] [main/INFO] [LaunchWrapper]: Using primary tweak class name cpw.mods.fml.common.launcher.FMLTweaker
[18:53:52] [main/INFO] [LaunchWrapper]: Calling tweak class cpw.mods.fml.common.launcher.FMLTweaker
[20:44:45] [main/INFO] [GradleStart]: userProperties: {}
[20:44:45] [main/INFO] [GradleStart]: accessToken: modstest
[20:44:45] [main/INFO] [GradleStart]: version: 1.7
[20:44:45] [main/INFO] [GradleStart]: Extra: [--tweakClass, cpw.mods.fml.common.launcher.FMLTweaker]
[20:44:45] [main/INFO] [GradleStart]: Running with arguments: [--userProperties, {}, --assetsDir, /Users/jun/.gradle/caches/minecraft/assets, --assetIndex, 1.7.10, --accessToken, {REDACTED}, --version, 1.7, --tweakClass, cpw.mods.fml.common.launcher.FMLTweaker, --tweakClass, cpw.mods.fml.common.launcher.FMLTweaker, --tweakClass, net.minecraftforge.gradle.tweakers.CoremodTweaker]
[20:44:45] [main/INFO] [LaunchWrapper]: Loading tweak class name cpw.mods.fml.common.launcher.FMLTweaker
[20:44:45] [main/INFO] [LaunchWrapper]: Using primary tweak class name cpw.mods.fml.common.launcher.FMLTweaker
[20:44:45] [main/WARN] [LaunchWrapper]: Tweak class name cpw.mods.fml.common.launcher.FMLTweaker has already been visited -- skipping
[20:44:45] [main/INFO] [LaunchWrapper]: Loading tweak class name net.minecraftforge.gradle.tweakers.CoremodTweaker
[20:44:45] [main/INFO] [LaunchWrapper]: Calling tweak class cpw.mods.fml.common.launcher.FMLTweaker
[21:00:33] [main/INFO] [GradleStart]: userProperties: {}
[21:00:33] [main/INFO] [GradleStart]: accessToken: modstest
[21:00:33] [main/INFO] [GradleStart]: version: 1.7
[21:00:33] [main/INFO] [GradleStart]: Extra: [--tweakClass, cpw.mods.fml.common.launcher.FMLTweaker]
[21:00:33] [main/INFO] [GradleStart]: Running with arguments: [--userProperties, {}, --assetsDir, /Users/jun/.gradle/caches/minecraft/assets, --assetIndex, 1.7.10, --accessToken, {REDACTED}, --version, 1.7, --tweakClass, cpw.mods.fml.common.launcher.FMLTweaker, --tweakClass, cpw.mods.fml.common.launcher.FMLTweaker, --tweakClass, net.minecraftforge.gradle.tweakers.CoremodTweaker]
[21:00:33] [main/INFO] [LaunchWrapper]: Loading tweak class name cpw.mods.fml.common.launcher.FMLTweaker
[21:00:33] [main/INFO] [LaunchWrapper]: Using primary tweak class name cpw.mods.fml.common.launcher.FMLTweaker
[21:00:33] [main/WARN] [LaunchWrapper]: Tweak class name cpw.mods.fml.common.launcher.FMLTweaker has already been visited -- skipping
[21:00:33] [main/INFO] [LaunchWrapper]: Loading tweak class name net.minecraftforge.gradle.tweakers.CoremodTweaker
[21:00:33] [main/INFO] [LaunchWrapper]: Calling tweak class cpw.mods.fml.common.launcher.FMLTweaker
[21:42:43] [main/INFO] [GradleStart]: userProperties: {}
[21:42:43] [main/INFO] [GradleStart]: accessToken: modstest
[21:42:43] [main/INFO] [GradleStart]: version: 1.7
[21:42:43] [main/INFO] [GradleStart]: Extra: [--tweakClass, cpw.mods.fml.common.launcher.FMLTweaker]
[21:42:44] [main/INFO] [GradleStart]: Running with arguments: [--userProperties, {}, --assetsDir, /Users/jun/.gradle/caches/minecraft/assets, --assetIndex, 1.7.10, --accessToken, {REDACTED}, --version, 1.7, --tweakClass, cpw.mods.fml.common.launcher.FMLTweaker, --tweakClass, cpw.mods.fml.common.launcher.FMLTweaker, --tweakClass, net.minecraftforge.gradle.tweakers.CoremodTweaker]
[21:42:44] [main/INFO] [LaunchWrapper]: Loading tweak class name cpw.mods.fml.common.launcher.FMLTweaker
[21:42:44] [main/INFO] [LaunchWrapper]: Using primary tweak class name cpw.mods.fml.common.launcher.FMLTweaker
[21:42:44] [main/WARN] [LaunchWrapper]: Tweak class name cpw.mods.fml.common.launcher.FMLTweaker has already been visited -- skipping
[21:42:44] [main/INFO] [LaunchWrapper]: Loading tweak class name net.minecraftforge.gradle.tweakers.CoremodTweaker
[21:42:44] [main/INFO] [LaunchWrapper]: Calling tweak class cpw.mods.fml.common.launcher.FMLTweaker
[21:44:52] [main/INFO] [GradleStart]: userProperties: {}
[21:44:52] [main/INFO] [GradleStart]: accessToken: modstest
[21:44:52] [main/INFO] [GradleStart]: version: 1.7
[21:44:52] [main/INFO] [GradleStart]: Extra: [--tweakClass, cpw.mods.fml.common.launcher.FMLTweaker]
[21:44:53] [main/INFO] [GradleStart]: Running with arguments: [--userProperties, {}, --assetsDir, /Users/jun/.gradle/caches/minecraft/assets, --assetIndex, 1.7.10, --accessToken, {REDACTED}, --version, 1.7, --tweakClass, cpw.mods.fml.common.launcher.FMLTweaker, --tweakClass, cpw.mods.fml.common.launcher.FMLTweaker, --tweakClass, net.minecraftforge.gradle.tweakers.CoremodTweaker]
[21:44:53] [main/INFO] [LaunchWrapper]: Loading tweak class name cpw.mods.fml.common.launcher.FMLTweaker
[21:44:53] [main/INFO] [LaunchWrapper]: Using primary tweak class name cpw.mods.fml.common.launcher.FMLTweaker
[21:44:53] [main/WARN] [LaunchWrapper]: Tweak class name cpw.mods.fml.common.launcher.FMLTweaker has already been visited -- skipping
[21:44:53] [main/INFO] [LaunchWrapper]: Loading tweak class name net.minecraftforge.gradle.tweakers.CoremodTweaker
[21:44:53] [main/INFO] [LaunchWrapper]: Calling tweak class cpw.mods.fml.common.launcher.FMLTweaker
[21:58:56] [main/INFO] [GradleStart]: userProperties: {}
[21:58:56] [main/INFO] [GradleStart]: accessToken: modstest
[21:58:56] [main/INFO] [GradleStart]: version: 1.7
[21:58:56] [main/INFO] [GradleStart]: Extra: [--tweakClass, cpw.mods.fml.common.launcher.FMLTweaker]
[21:58:56] [main/INFO] [GradleStart]: Running with arguments: [--userProperties, {}, --assetsDir, /Users/jun/.gradle/caches/minecraft/assets, --assetIndex, 1.7.10, --accessToken, {REDACTED}, --version, 1.7, --tweakClass, cpw.mods.fml.common.launcher.FMLTweaker, --tweakClass, cpw.mods.fml.common.launcher.FMLTweaker, --tweakClass, net.minecraftforge.gradle.tweakers.CoremodTweaker]
[21:58:56] [main/INFO] [LaunchWrapper]: Loading tweak class name cpw.mods.fml.common.launcher.FMLTweaker
[21:58:56] [main/INFO] [LaunchWrapper]: Using primary tweak class name cpw.mods.fml.common.launcher.FMLTweaker
[21:58:56] [main/WARN] [LaunchWrapper]: Tweak class name cpw.mods.fml.common.launcher.FMLTweaker has already been visited -- skipping
[21:58:56] [main/INFO] [LaunchWrapper]: Loading tweak class name net.minecraftforge.gradle.tweakers.CoremodTweaker
[21:58:56] [main/INFO] [LaunchWrapper]: Calling tweak class cpw.mods.fml.common.launcher.FMLTweaker
[22:05:19] [main/INFO] [GradleStart]: userProperties: {}
[22:05:19] [main/INFO] [GradleStart]: accessToken: modstest
[22:05:19] [main/INFO] [GradleStart]: version: 1.7
[22:05:19] [main/INFO] [GradleStart]: Extra: [--tweakClass, cpw.mods.fml.common.launcher.FMLTweaker]
[22:05:19] [main/INFO] [GradleStart]: Running with arguments: [--userProperties, {}, --assetsDir, /Users/jun/.gradle/caches/minecraft/assets, --assetIndex, 1.7.10, --accessToken, {REDACTED}, --version, 1.7, --tweakClass, cpw.mods.fml.common.launcher.FMLTweaker, --tweakClass, cpw.mods.fml.common.launcher.FMLTweaker, --tweakClass, net.minecraftforge.gradle.tweakers.CoremodTweaker]
[22:05:19] [main/INFO] [LaunchWrapper]: Loading tweak class name cpw.mods.fml.common.launcher.FMLTweaker
[22:05:19] [main/INFO] [LaunchWrapper]: Using primary tweak class name cpw.mods.fml.common.launcher.FMLTweaker
[22:05:19] [main/WARN] [LaunchWrapper]: Tweak class name cpw.mods.fml.common.launcher.FMLTweaker has already been visited -- skipping
[22:05:19] [main/INFO] [LaunchWrapper]: Loading tweak class name net.minecraftforge.gradle.tweakers.CoremodTweaker
[22:05:19] [main/INFO] [LaunchWrapper]: Calling tweak class cpw.mods.fml.common.launcher.FMLTweaker
[22:48:17] [main/INFO] [GradleStart]: userProperties: {}
[22:48:17] [main/INFO] [GradleStart]: accessToken: modstest
[22:48:17] [main/INFO] [GradleStart]: version: 1.7
[22:48:17] [main/INFO] [GradleStart]: Extra: [--tweakClass, cpw.mods.fml.common.launcher.FMLTweaker]
[22:48:17] [main/INFO] [GradleStart]: Running with arguments: [--userProperties, {}, --assetsDir, /Users/jun/.gradle/caches/minecraft/assets, --assetIndex, 1.7.10, --accessToken, {REDACTED}, --version, 1.7, --tweakClass, cpw.mods.fml.common.launcher.FMLTweaker, --tweakClass, cpw.mods.fml.common.launcher.FMLTweaker, --tweakClass, net.minecraftforge.gradle.tweakers.CoremodTweaker]
[22:48:17] [main/INFO] [LaunchWrapper]: Loading tweak class name cpw.mods.fml.common.launcher.FMLTweaker
[22:48:17] [main/INFO] [LaunchWrapper]: Using primary tweak class name cpw.mods.fml.common.launcher.FMLTweaker
[22:48:17] [main/WARN] [LaunchWrapper]: Tweak class name cpw.mods.fml.common.launcher.FMLTweaker has already been visited -- skipping
[22:48:17] [main/INFO] [LaunchWrapper]: Loading tweak class name net.minecraftforge.gradle.tweakers.CoremodTweaker
[22:48:17] [main/INFO] [LaunchWrapper]: Calling tweak class cpw.mods.fml.common.launcher.FMLTweaker
[22:51:12] [main/INFO] [GradleStart]: userProperties: {}
[22:51:12] [main/INFO] [GradleStart]: accessToken: modstest
[22:51:12] [main/INFO] [GradleStart]: version: 1.7
[22:51:12] [main/INFO] [GradleStart]: Extra: [--tweakClass, cpw.mods.fml.common.launcher.FMLTweaker]
[22:51:12] [main/INFO] [GradleStart]: Running with arguments: [--userProperties, {}, --assetsDir, /Users/jun/.gradle/caches/minecraft/assets, --assetIndex, 1.7.10, --accessToken, {REDACTED}, --version, 1.7, --tweakClass, cpw.mods.fml.common.launcher.FMLTweaker, --tweakClass, cpw.mods.fml.common.launcher.FMLTweaker, --tweakClass, net.minecraftforge.gradle.tweakers.CoremodTweaker]
[22:51:12] [main/INFO] [LaunchWrapper]: Loading tweak class name cpw.mods.fml.common.launcher.FMLTweaker
[22:51:12] [main/INFO] [LaunchWrapper]: Using primary tweak class name cpw.mods.fml.common.launcher.FMLTweaker
[22:51:12] [main/WARN] [LaunchWrapper]: Tweak class name cpw.mods.fml.common.launcher.FMLTweaker has already been visited -- skipping
[22:51:12] [main/INFO] [LaunchWrapper]: Loading tweak class name net.minecraftforge.gradle.tweakers.CoremodTweaker
[22:51:12] [main/INFO] [LaunchWrapper]: Calling tweak class cpw.mods.fml.common.launcher.FMLTweaker
